app/build/outputs/mapping/prod/release/seeds.txt
com.codeskraps.sbrowser.R$anim: int abc_fade_in
com.codeskraps.sbrowser.R$anim: int abc_fade_out
com.codeskraps.sbrowser.R$anim: int abc_grow_fade_in_from_bottom
com.codeskraps.sbrowser.R$anim: int abc_popup_enter
com.codeskraps.sbrowser.R$anim: int abc_popup_exit
com.codeskraps.sbrowser.R$anim: int abc_shrink_fade_out_from_bottom
com.codeskraps.sbrowser.R$anim: int abc_slide_in_bottom
com.codeskraps.sbrowser.R$anim: int abc_slide_in_top
com.codeskraps.sbrowser.R$anim: int abc_slide_out_bottom
com.codeskraps.sbrowser.R$anim: int abc_slide_out_top
com.codeskraps.sbrowser.R$anim: int fadein
com.codeskraps.sbrowser.R$anim: int fadeout
com.codeskraps.sbrowser.R$array: int prefs_flash_human_value
com.codeskraps.sbrowser.R$array: int prefs_flash_phone_value
com.codeskraps.sbrowser.R$array: int prefs_user_agent_human_value
com.codeskraps.sbrowser.R$array: int prefs_user_agent_phone_value
com.codeskraps.sbrowser.R$attr: int actionBarDivider
com.codeskraps.sbrowser.R$attr: int actionBarItemBackground
com.codeskraps.sbrowser.R$attr: int actionBarPopupTheme
com.codeskraps.sbrowser.R$attr: int actionBarSize
com.codeskraps.sbrowser.R$attr: int actionBarSplitStyle
com.codeskraps.sbrowser.R$attr: int actionBarStyle
com.codeskraps.sbrowser.R$attr: int actionBarTabBarStyle
com.codeskraps.sbrowser.R$attr: int actionBarTabStyle
com.codeskraps.sbrowser.R$attr: int actionBarTabTextStyle
com.codeskraps.sbrowser.R$attr: int actionBarTheme
com.codeskraps.sbrowser.R$attr: int actionBarWidgetTheme
com.codeskraps.sbrowser.R$attr: int actionButtonStyle
com.codeskraps.sbrowser.R$attr: int actionDropDownStyle
com.codeskraps.sbrowser.R$attr: int actionLayout
com.codeskraps.sbrowser.R$attr: int actionMenuTextAppearance
com.codeskraps.sbrowser.R$attr: int actionMenuTextColor
com.codeskraps.sbrowser.R$attr: int actionModeBackground
com.codeskraps.sbrowser.R$attr: int actionModeCloseButtonStyle
com.codeskraps.sbrowser.R$attr: int actionModeCloseDrawable
com.codeskraps.sbrowser.R$attr: int actionModeCopyDrawable
com.codeskraps.sbrowser.R$attr: int actionModeCutDrawable
com.codeskraps.sbrowser.R$attr: int actionModeFindDrawable
com.codeskraps.sbrowser.R$attr: int actionModePasteDrawable
com.codeskraps.sbrowser.R$attr: int actionModePopupWindowStyle
com.codeskraps.sbrowser.R$attr: int actionModeSelectAllDrawable
com.codeskraps.sbrowser.R$attr: int actionModeShareDrawable
com.codeskraps.sbrowser.R$bool: int abc_action_bar_embed_tabs
com.codeskraps.sbrowser.R$bool: int abc_action_bar_embed_tabs_pre_jb
com.codeskraps.sbrowser.R$bool: int abc_action_bar_expanded_action_views_exclusive
com.codeskraps.sbrowser.R$bool: int abc_allow_stacked_button_bar
com.codeskraps.sbrowser.R$bool: int abc_config_actionMenuItemAllCaps
com.codeskraps.sbrowser.R$bool: int abc_config_allowActionMenuItemTextWithIcon
com.codeskraps.sbrowser.R$bool: int abc_config_closeDialogWhenTouchOutside
com.codeskraps.sbrowser.R$bool: int abc_config_showMenuShortcutsWhenKeyboardPresent
com.codeskraps.sbrowser.R$bool: int isTablet
...
com.crashlytics.android.core.CrashlyticsCore$4
com.crashlytics.android.core.CrashlyticsCore$4: com.crashlytics.android.core.CrashlyticsCore this$0
com.crashlytics.android.core.CrashlyticsCore$4: CrashlyticsCore$4(com.crashlytics.android.core.CrashlyticsCore)
com.crashlytics.android.core.CrashlyticsCore$4: java.lang.Boolean call()
com.crashlytics.android.core.CrashlyticsCore$4: java.lang.Object call()
com.crashlytics.android.core.CrashlyticsCore$5
com.crashlytics.android.core.CrashlyticsCore$5: com.crashlytics.android.core.CrashlyticsCore this$0
com.crashlytics.android.core.CrashlyticsCore$5: CrashlyticsCore$5(com.crashlytics.android.core.CrashlyticsCore)
com.crashlytics.android.core.CrashlyticsCore$5: java.lang.Boolean usingSettings(io.fabric.sdk.android.services.settings.SettingsData)
com.crashlytics.android.core.CrashlyticsCore$5: java.lang.Object usingSettings(io.fabric.sdk.android.services.settings.SettingsData)
com.crashlytics.android.core.CrashlyticsCore$6
com.crashlytics.android.core.CrashlyticsCore$6: com.crashlytics.android.core.CrashlyticsCore this$0
com.crashlytics.android.core.CrashlyticsCore$6: CrashlyticsCore$6(com.crashlytics.android.core.CrashlyticsCore)
com.crashlytics.android.core.CrashlyticsCore$6: java.lang.Boolean usingSettings(io.fabric.sdk.android.services.settings.SettingsData)
com.crashlytics.android.core.CrashlyticsCore$6: java.lang.Object usingSettings(io.fabric.sdk.android.services.settings.SettingsData)
com.crashlytics.android.core.CrashlyticsCore$7
com.crashlytics.android.core.CrashlyticsCore$7: android.app.Activity val$activity
com.crashlytics.android.core.CrashlyticsCore$7: com.crashlytics.android.core.CrashlyticsCore$OptInLatch val$latch
com.crashlytics.android.core.CrashlyticsCore$7: com.crashlytics.android.core.DialogStringResolver val$stringResolver
com.crashlytics.android.core.CrashlyticsCore$7: io.fabric.sdk.android.services.settings.PromptSettingsData val$promptData
com.crashlytics.android.core.CrashlyticsCore$7: com.crashlytics.android.core.CrashlyticsCore this$0
com.crashlytics.android.core.CrashlyticsCore$7: CrashlyticsCore$7(com.crashlytics.android.core.CrashlyticsCore,android.app.Activity,com.crashlytics.android.core.CrashlyticsCore$OptInLatch,com.crashlytics.android.core.DialogStringResolver,io.fabric.sdk.android.services.settings.PromptSettingsData)
com.crashlytics.android.core.CrashlyticsCore$7: void run()
com.crashlytics.android.core.CrashlyticsCore$7$1
com.crashlytics.android.core.CrashlyticsCore$7$1: com.crashlytics.android.core.CrashlyticsCore$7 this$1
com.crashlytics.android.core.CrashlyticsCore$7$1: CrashlyticsCore$7$1(com.crashlytics.android.core.CrashlyticsCore$7)
com.crashlytics.android.core.CrashlyticsCore$7$1: void onClick(android.content.DialogInterface,int)
com.crashlytics.android.core.CrashlyticsCore$7$2
com.crashlytics.android.core.CrashlyticsCore$7$2: com.crashlytics.android.core.CrashlyticsCore$7 this$1
com.crashlytics.android.core.CrashlyticsCore$7$2: CrashlyticsCore$7$2(com.crashlytics.android.core.CrashlyticsCore$7)
com.crashlytics.android.core.CrashlyticsCore$7$2: void onClick(android.content.DialogInterface,int)
com.crashlytics.android.core.CrashlyticsCore$7$3
com.crashlytics.android.core.CrashlyticsCore$7$3: com.crashlytics.android.core.CrashlyticsCore$7 this$1
com.crashlytics.android.core.CrashlyticsCore$7$3: CrashlyticsCore$7$3(com.crashlytics.android.core.CrashlyticsCore$7)
com.crashlytics.android.core.CrashlyticsCore$7$3: void onClick(android.content.DialogInterface,int)