app/build/outputs/mapping/prod/release/mapping.txt
com.codeskraps.sbrowser.bill_util.Base64 -> ij:
    byte[] ALPHABET -> b
    byte[] WEBSAFE_ALPHABET -> c
    byte[] DECODABET -> d
    byte[] WEBSAFE_DECODABET -> e
    boolean $assertionsDisabled -> a
    169:170:void <init>() -> <init>
    378:406:int decode4to3(byte[],int,byte[],int,byte[]) -> a
    419:420:byte[] decode(java.lang.String) -> a
    474:474:byte[] decode(byte[],int,int) -> a
    504:568:byte[] decode(byte[],int,int,byte[]) -> a
    41:128:void <clinit>() -> <clinit>
com.codeskraps.sbrowser.bill_util.Base64DecoderException -> ik:
    long serialVersionUID -> serialVersionUID
    24:25:void <init>() -> <init>
    28:29:void <init>(java.lang.String) -> <init>
com.codeskraps.sbrowser.bill_util.IabException -> il:
    com.codeskraps.sbrowser.bill_util.IabResult mResult -> a
    28:29:void <init>(com.codeskraps.sbrowser.bill_util.IabResult) -> <init>
    31:32:void <init>(int,java.lang.String) -> <init>
    34:36:void <init>(com.codeskraps.sbrowser.bill_util.IabResult,java.lang.Exception) -> <init>
    38:39:void <init>(int,java.lang.String,java.lang.Exception) -> <init>
    42:42:com.codeskraps.sbrowser.bill_util.IabResult getResult() -> a
com.codeskraps.sbrowser.bill_util.IabHelper -> im:
    boolean mDebugLog -> a
    java.lang.String mDebugTag -> b
    boolean mSetupDone -> c
    boolean mDisposed -> d
    boolean mSubscriptionsSupported -> e
    boolean mAsyncInProgress -> f
    java.lang.String mAsyncOperation -> g
    android.content.Context mContext -> h
    com.android.vending.billing.IInAppBillingService mService -> i
    android.content.ServiceConnection mServiceConn -> j
    int mRequestCode -> k
    java.lang.String mPurchasingItemType -> l
    java.lang.String mSignatureBase64 -> m
    com.codeskraps.sbrowser.bill_util.IabHelper$OnIabPurchaseFinishedListener mPurchaseListener -> n
    73:172:void <init>(android.content.Context,java.lang.String) -> <init>
    212:286:void startSetup(com.codeskraps.sbrowser.bill_util.IabHelper$OnIabSetupFinishedListener) -> a
    295:306:void dispose() -> a
    309:311:void checkNotDisposed() -> c
    350:351:void launchPurchaseFlow(android.app.Activity,java.lang.String,int,com.codeskraps.sbrowser.bill_util.IabHelper$OnIabPurchaseFinishedListener,java.lang.String) -> a
    393:442:void launchPurchaseFlow(android.app.Activity,java.lang.String,java.lang.String,int,com.codeskraps.sbrowser.bill_util.IabHelper$OnIabPurchaseFinishedListener,java.lang.String) -> a
    463:546:boolean handleActivityResult(int,int,android.content.Intent) -> a
    551:551:com.codeskraps.sbrowser.bill_util.Inventory queryInventory(boolean,java.util.List) -> a
com.codeskraps.sbrowser.bill_util.IabHelper$1 -> im$1:
    com.codeskraps.sbrowser.bill_util.IabHelper$OnIabSetupFinishedListener val$listener -> a
    com.codeskraps.sbrowser.bill_util.IabHelper this$0 -> b
    217:217:void <init>(com.codeskraps.sbrowser.bill_util.IabHelper,com.codeskraps.sbrowser.bill_util.IabHelper$OnIabSetupFinishedListener) -> <init>
    220:222:void onServiceDisconnected(android.content.ComponentName) -> onServiceDisconnected
    226:270:void onServiceConnected(android.content.ComponentName,android.os.IBinder) -> onServiceConnected
com.codeskraps.sbrowser.bill_util.IabHelper$2 -> im$2:
    boolean val$querySkuDetails -> a
    java.util.List val$moreSkus -> b
    com.codeskraps.sbrowser.bill_util.IabHelper$QueryInventoryFinishedListener val$listener -> c
    android.os.Handler val$handler -> d
    com.codeskraps.sbrowser.bill_util.IabHelper this$0 -> e
    646:646:void <init>(com.codeskraps.sbrowser.bill_util.IabHelper,boolean,java.util.List,com.codeskraps.sbrowser.bill_util.IabHelper$QueryInventoryFinishedListener,android.os.Handler) -> <init>
    648:668:void run() -> run
...
android.support.v4.graphics.drawable.DrawableCompat$LollipopDrawableImpl -> ai$f:
    153:153:void <init>() -> <init>
    156:157:void setHotspot(android.graphics.drawable.Drawable,float,float) -> a
    161:162:void setHotspotBounds(android.graphics.drawable.Drawable,int,int,int,int) -> a
    166:167:void setTint(android.graphics.drawable.Drawable,int) -> a
    171:172:void setTintList(android.graphics.drawable.Drawable,android.content.res.ColorStateList) -> a
    176:177:void setTintMode(android.graphics.drawable.Drawable,android.graphics.PorterDuff$Mode) -> a
    181:181:android.graphics.drawable.Drawable wrap(android.graphics.drawable.Drawable) -> c
android.support.v4.graphics.drawable.DrawableCompat$LollipopMr1DrawableImpl -> ai$g:
    188:188:void <init>() -> <init>
    191:191:android.graphics.drawable.Drawable wrap(android.graphics.drawable.Drawable) -> c
android.support.v4.graphics.drawable.DrawableCompat$MDrawableImpl -> ai$h:
    198:198:void <init>() -> <init>
    201:202:void setLayoutDirection(android.graphics.drawable.Drawable,int) -> b
android.support.v4.graphics.drawable.DrawableCompatApi22 -> aj:
    28:28:android.graphics.drawable.Drawable wrapForTinting(android.graphics.drawable.Drawable) -> a
android.support.v4.graphics.drawable.DrawableCompatApi23 -> ak:
    26:27:void setLayoutDirection(android.graphics.drawable.Drawable,int) -> a
android.support.v4.graphics.drawable.DrawableCompatBase -> al:
    29:32:void setTint(android.graphics.drawable.Drawable,int) -> a
    35:38:void setTintList(android.graphics.drawable.Drawable,android.content.res.ColorStateList) -> a
    41:44:void setTintMode(android.graphics.drawable.Drawable,android.graphics.PorterDuff$Mode) -> a
    47:50:android.graphics.drawable.Drawable wrapForTinting(android.graphics.drawable.Drawable) -> a
android.support.v4.graphics.drawable.DrawableCompatHoneycomb -> am:
    29:30:void jumpToCurrentState(android.graphics.drawable.Drawable) -> a
    33:36:android.graphics.drawable.Drawable wrapForTinting(android.graphics.drawable.Drawable) -> b
android.support.v4.graphics.drawable.DrawableCompatJellybeanMr1 -> an:
    java.lang.reflect.Method sSetLayoutDirectionMethod -> a
    boolean sSetLayoutDirectionMethodFetched -> b
    41:60:void setLayoutDirection(android.graphics.drawable.Drawable,int) -> a
android.support.v4.graphics.drawable.DrawableCompatKitKat -> ao:
    28:29:void setAutoMirrored(android.graphics.drawable.Drawable,boolean) -> a
    32:32:boolean isAutoMirrored(android.graphics.drawable.Drawable) -> a
    36:39:android.graphics.drawable.Drawable wrapForTinting(android.graphics.drawable.Drawable) -> b
android.support.v4.graphics.drawable.DrawableCompatLollipop -> ap:
    31:32:void setHotspot(android.graphics.drawable.Drawable,float,float) -> a
    36:37:void setHotspotBounds(android.graphics.drawable.Drawable,int,int,int,int) -> a
    40:48:void setTint(android.graphics.drawable.Drawable,int) -> a
    51:59:void setTintList(android.graphics.drawable.Drawable,android.content.res.ColorStateList) -> a
    62:70:void setTintMode(android.graphics.drawable.Drawable,android.graphics.PorterDuff$Mode) -> a
    73:79:android.graphics.drawable.Drawable wrapForTinting(android.graphics.drawable.Drawable) -> a
android.support.v4.graphics.drawable.DrawableWrapper -> aq:
    void setTint(int) -> setTint
    void setTintList(android.content.res.ColorStateList) -> setTintList
    void setTintMode(android.graphics.PorterDuff$Mode) -> setTintMode
    android.graphics.drawable.Drawable getWrappedDrawable() -> a
    void setWrappedDrawable(android.graphics.drawable.Drawable) -> a