app/build/outputs/mapping/prod/release/usage.txt
com.codeskraps.sbrowser.BuildConfig
com.codeskraps.sbrowser.R
com.codeskraps.sbrowser.R$anim
com.codeskraps.sbrowser.R$array
com.codeskraps.sbrowser.R$attr
com.codeskraps.sbrowser.R$bool
com.codeskraps.sbrowser.R$color
com.codeskraps.sbrowser.R$dimen
com.codeskraps.sbrowser.R$drawable
com.codeskraps.sbrowser.R$id
com.codeskraps.sbrowser.R$integer
com.codeskraps.sbrowser.R$layout
com.codeskraps.sbrowser.R$menu
com.codeskraps.sbrowser.R$string
com.codeskraps.sbrowser.R$style
com.codeskraps.sbrowser.R$styleable
com.codeskraps.sbrowser.R$xml
com.codeskraps.sbrowser.bill_util.Base64:
    public static final boolean ENCODE
    public static final boolean DECODE
    private static final byte EQUALS_SIGN
    private static final byte NEW_LINE
    private static final byte WHITE_SPACE_ENC
    private static final byte EQUALS_SIGN_ENC
    209:234:private static byte[] encode3to4(byte[],int,int,byte[],int,byte[])
    247:247:public static java.lang.String encode(byte[])
    258:258:public static java.lang.String encodeWebSafe(byte[],boolean)
    274:286:public static java.lang.String encode(byte[],int,int,byte[],boolean)
    301:345:public static byte[] encode(byte[],int,int,byte[],int)
    431:432:public static byte[] decodeWebSafe(java.lang.String)
    445:445:public static byte[] decode(byte[])
    458:458:public static byte[] decodeWebSafe(byte[])
    489:489:public static byte[] decodeWebSafe(byte[],int,int)
com.codeskraps.sbrowser.bill_util.IabHelper:
    public static final int BILLING_RESPONSE_RESULT_OK
    public static final int BILLING_RESPONSE_RESULT_USER_CANCELED
    public static final int BILLING_RESPONSE_RESULT_BILLING_UNAVAILABLE
    public static final int BILLING_RESPONSE_RESULT_ITEM_UNAVAILABLE
    public static final int BILLING_RESPONSE_RESULT_DEVELOPER_ERROR
    public static final int BILLING_RESPONSE_RESULT_ERROR
    public static final int BILLING_RESPONSE_RESULT_ITEM_ALREADY_OWNED
    public static final int BILLING_RESPONSE_RESULT_ITEM_NOT_OWNED
    public static final int IABHELPER_ERROR_BASE
    public static final int IABHELPER_REMOTE_EXCEPTION
    public static final int IABHELPER_BAD_RESPONSE
    public static final int IABHELPER_VERIFICATION_FAILED
    public static final int IABHELPER_SEND_INTENT_FAILED
    public static final int IABHELPER_USER_CANCELLED
    public static final int IABHELPER_UNKNOWN_PURCHASE_RESPONSE
    public static final int IABHELPER_MISSING_TOKEN
    public static final int IABHELPER_UNKNOWN_ERROR
    public static final int IABHELPER_SUBSCRIPTIONS_NOT_AVAILABLE
    public static final int IABHELPER_INVALID_CONSUMPTION
    public static final java.lang.String RESPONSE_CODE
    public static final java.lang.String RESPONSE_GET_SKU_DETAILS_LIST
    public static final java.lang.String RESPONSE_BUY_INTENT
    public static final java.lang.String RESPONSE_INAPP_PURCHASE_DATA
com.codeskraps.sbrowser.bill_util.IabHelper$3
com.codeskraps.sbrowser.bill_util.IabHelper$3$1
com.codeskraps.sbrowser.bill_util.IabHelper$3$2
com.codeskraps.sbrowser.bill_util.IabHelper$OnConsumeFinishedListener
com.codeskraps.sbrowser.bill_util.IabHelper$OnConsumeMultiFinishedListener
com.codeskraps.sbrowser.bill_util.IabResult:
    39:39:public int getResponse()
com.codeskraps.sbrowser.bill_util.Inventory:
    45:45:public boolean hasPurchase(java.lang.String)
    50:50:public boolean hasDetails(java.lang.String)
    62:63:public void erasePurchase(java.lang.String)
    67:67:java.util.List getAllOwnedSkus()
    81:81:java.util.List getAllPurchases()
com.codeskraps.sbrowser.bill_util.Purchase:
    52:52:public java.lang.String getPackageName()
    54:54:public long getPurchaseTime()
    55:55:public int getPurchaseState()
    58:58:public java.lang.String getOriginalJson()
    59:59:public java.lang.String getSignature()
...
android.support.v4.hardware.fingerprint.FingerprintManagerCompat$Api23FingerprintManagerCompatImpl$1
android.support.v4.hardware.fingerprint.FingerprintManagerCompat$AuthenticationCallback
android.support.v4.hardware.fingerprint.FingerprintManagerCompat$AuthenticationResult
android.support.v4.hardware.fingerprint.FingerprintManagerCompat$CryptoObject
android.support.v4.hardware.fingerprint.FingerprintManagerCompat$FingerprintManagerCompatImpl
android.support.v4.hardware.fingerprint.FingerprintManagerCompat$LegacyFingerprintManagerCompatImpl
android.support.v4.hardware.fingerprint.FingerprintManagerCompatApi23
android.support.v4.hardware.fingerprint.FingerprintManagerCompatApi23$1
android.support.v4.hardware.fingerprint.FingerprintManagerCompatApi23$AuthenticationCallback
android.support.v4.hardware.fingerprint.FingerprintManagerCompatApi23$AuthenticationResultInternal
android.support.v4.hardware.fingerprint.FingerprintManagerCompatApi23$CryptoObject
android.support.v4.internal.view.SupportMenu:
    public static final int USER_MASK
    public static final int USER_SHIFT
    public static final int CATEGORY_MASK
    public static final int CATEGORY_SHIFT
android.support.v4.internal.view.SupportMenuItem:
    public static final int SHOW_AS_ACTION_NEVER
    public static final int SHOW_AS_ACTION_IF_ROOM
    public static final int SHOW_AS_ACTION_ALWAYS
    public static final int SHOW_AS_ACTION_WITH_TEXT
    public static final int SHOW_AS_ACTION_COLLAPSE_ACTION_VIEW
android.support.v4.media.IMediaBrowserServiceCompat
android.support.v4.media.IMediaBrowserServiceCompat$Stub
android.support.v4.media.IMediaBrowserServiceCompat$Stub$Proxy
android.support.v4.media.IMediaBrowserServiceCompatCallbacks
android.support.v4.media.IMediaBrowserServiceCompatCallbacks$Stub
android.support.v4.media.IMediaBrowserServiceCompatCallbacks$Stub$Proxy
android.support.v4.media.MediaBrowserCompat
android.support.v4.media.MediaBrowserCompat$1
android.support.v4.media.MediaBrowserCompat$ConnectionCallback
android.support.v4.media.MediaBrowserCompat$ItemCallback
android.support.v4.media.MediaBrowserCompat$MediaBrowserImplBase
android.support.v4.media.MediaBrowserCompat$MediaBrowserImplBase$1
android.support.v4.media.MediaBrowserCompat$MediaBrowserImplBase$2
android.support.v4.media.MediaBrowserCompat$MediaBrowserImplBase$3
android.support.v4.media.MediaBrowserCompat$MediaBrowserImplBase$4
android.support.v4.media.MediaBrowserCompat$MediaBrowserImplBase$5
android.support.v4.media.MediaBrowserCompat$MediaBrowserImplBase$6
android.support.v4.media.MediaBrowserCompat$MediaBrowserImplBase$7
android.support.v4.media.MediaBrowserCompat$MediaBrowserImplBase$MediaServiceConnection
android.support.v4.media.MediaBrowserCompat$MediaBrowserImplBase$ServiceCallbacks
android.support.v4.media.MediaBrowserCompat$MediaBrowserImplBase$Subscription
android.support.v4.media.MediaBrowserCompat$MediaItem
android.support.v4.media.MediaBrowserCompat$MediaItem$1
android.support.v4.media.MediaBrowserCompat$MediaItem$Flags
android.support.v4.media.MediaBrowserCompat$SubscriptionCallback